mode: set
github.com/Yamashou/gqlgenc/v3/config/config.go:45.72,47.16 2 1
github.com/Yamashou/gqlgenc/v3/config/config.go:47.16,49.3 1 1
github.com/Yamashou/gqlgenc/v3/config/config.go:53.2,53.9 1 1
github.com/Yamashou/gqlgenc/v3/config/config.go:54.44,55.53 1 1
github.com/Yamashou/gqlgenc/v3/config/config.go:55.53,57.4 1 0
github.com/Yamashou/gqlgenc/v3/config/config.go:58.39,60.24 2 0
github.com/Yamashou/gqlgenc/v3/config/config.go:60.24,62.4 1 0
github.com/Yamashou/gqlgenc/v3/config/config.go:63.3,64.17 2 0
github.com/Yamashou/gqlgenc/v3/config/config.go:64.17,66.4 1 0
github.com/Yamashou/gqlgenc/v3/config/config.go:67.3,67.33 1 0
github.com/Yamashou/gqlgenc/v3/config/config.go:68.10,69.173 1 0
github.com/Yamashou/gqlgenc/v3/config/config.go:73.2,73.38 1 1
github.com/Yamashou/gqlgenc/v3/config/config.go:73.38,76.3 1 1
github.com/Yamashou/gqlgenc/v3/config/config.go:78.2,78.42 1 1
github.com/Yamashou/gqlgenc/v3/config/config.go:78.42,80.3 1 1
github.com/Yamashou/gqlgenc/v3/config/config.go:82.2,82.43 1 1
github.com/Yamashou/gqlgenc/v3/config/config.go:82.43,84.3 1 1
github.com/Yamashou/gqlgenc/v3/config/config.go:86.2,86.46 1 1
github.com/Yamashou/gqlgenc/v3/config/config.go:86.46,88.3 1 0
github.com/Yamashou/gqlgenc/v3/config/config.go:91.2,91.62 1 1
github.com/Yamashou/gqlgenc/v3/config/config.go:91.62,92.62 1 0
github.com/Yamashou/gqlgenc/v3/config/config.go:92.62,94.4 1 0
github.com/Yamashou/gqlgenc/v3/config/config.go:97.2,97.15 1 1
github.com/Yamashou/gqlgenc/v3/config/config.go:101.57,103.16 2 1
github.com/Yamashou/gqlgenc/v3/config/config.go:103.16,105.3 1 0
github.com/Yamashou/gqlgenc/v3/config/config.go:107.2,110.47 3 1
github.com/Yamashou/gqlgenc/v3/config/config.go:110.47,112.3 1 0
github.com/Yamashou/gqlgenc/v3/config/config.go:115.2,115.77 1 1
github.com/Yamashou/gqlgenc/v3/config/config.go:115.77,117.3 1 0
github.com/Yamashou/gqlgenc/v3/config/config.go:119.2,119.77 1 1
github.com/Yamashou/gqlgenc/v3/config/config.go:119.77,121.3 1 1
github.com/Yamashou/gqlgenc/v3/config/config.go:123.2,123.84 1 1
github.com/Yamashou/gqlgenc/v3/config/config.go:123.84,125.3 1 0
github.com/Yamashou/gqlgenc/v3/config/config.go:131.2,131.53 1 1
github.com/Yamashou/gqlgenc/v3/config/config.go:131.53,133.3 1 0
github.com/Yamashou/gqlgenc/v3/config/config.go:137.2,138.16 2 1
github.com/Yamashou/gqlgenc/v3/config/config.go:138.16,140.3 1 0
github.com/Yamashou/gqlgenc/v3/config/config.go:142.2,145.16 3 1
github.com/Yamashou/gqlgenc/v3/config/config.go:145.16,147.3 1 0
github.com/Yamashou/gqlgenc/v3/config/config.go:149.2,149.44 1 1
github.com/Yamashou/gqlgenc/v3/config/config.go:149.44,151.17 2 0
github.com/Yamashou/gqlgenc/v3/config/config.go:151.17,153.4 1 0
github.com/Yamashou/gqlgenc/v3/config/config.go:155.3,156.17 2 0
github.com/Yamashou/gqlgenc/v3/config/config.go:156.17,158.4 1 0
github.com/Yamashou/gqlgenc/v3/config/config.go:160.3,160.50 1 0
github.com/Yamashou/gqlgenc/v3/config/config.go:163.2,175.57 6 1
github.com/Yamashou/gqlgenc/v3/config/config.go:175.57,177.3 1 0
github.com/Yamashou/gqlgenc/v3/config/config.go:179.2,179.58 1 1
github.com/Yamashou/gqlgenc/v3/config/config.go:179.58,181.3 1 0
github.com/Yamashou/gqlgenc/v3/config/config.go:183.2,183.16 1 1
github.com/Yamashou/gqlgenc/v3/config/file.go:16.73,20.17 3 0
github.com/Yamashou/gqlgenc/v3/config/file.go:20.17,22.3 1 0
github.com/Yamashou/gqlgenc/v3/config/file.go:22.8,25.3 2 0
github.com/Yamashou/gqlgenc/v3/config/file.go:27.2,27.16 1 0
github.com/Yamashou/gqlgenc/v3/config/file.go:27.16,29.3 1 0
github.com/Yamashou/gqlgenc/v3/config/file.go:31.2,33.44 2 0
github.com/Yamashou/gqlgenc/v3/config/file.go:33.44,36.3 2 0
github.com/Yamashou/gqlgenc/v3/config/file.go:38.2,38.15 1 0
github.com/Yamashou/gqlgenc/v3/config/file.go:38.15,40.3 1 0
github.com/Yamashou/gqlgenc/v3/config/file.go:42.2,42.17 1 0
github.com/Yamashou/gqlgenc/v3/config/file.go:45.64,46.39 1 0
github.com/Yamashou/gqlgenc/v3/config/file.go:46.39,48.42 2 0
github.com/Yamashou/gqlgenc/v3/config/file.go:48.42,50.4 1 0
github.com/Yamashou/gqlgenc/v3/config/file.go:53.2,53.11 1 0
github.com/Yamashou/gqlgenc/v3/config/file.go:56.70,66.57 3 1
github.com/Yamashou/gqlgenc/v3/config/file.go:66.57,69.49 2 1
github.com/Yamashou/gqlgenc/v3/config/file.go:69.49,78.92 4 1
github.com/Yamashou/gqlgenc/v3/config/file.go:78.92,79.19 1 1
github.com/Yamashou/gqlgenc/v3/config/file.go:79.19,81.6 1 0
github.com/Yamashou/gqlgenc/v3/config/file.go:83.5,83.67 1 1
github.com/Yamashou/gqlgenc/v3/config/file.go:83.67,85.6 1 1
github.com/Yamashou/gqlgenc/v3/config/file.go:87.5,87.15 1 1
github.com/Yamashou/gqlgenc/v3/config/file.go:88.19,90.5 1 0
github.com/Yamashou/gqlgenc/v3/config/file.go:91.9,95.18 3 0
github.com/Yamashou/gqlgenc/v3/config/file.go:95.18,97.5 1 0
github.com/Yamashou/gqlgenc/v3/config/file.go:100.3,100.50 1 1
github.com/Yamashou/gqlgenc/v3/config/file.go:100.50,102.4 1 1
github.com/Yamashou/gqlgenc/v3/config/file.go:105.2,105.58 1 1
github.com/Yamashou/gqlgenc/v3/config/file.go:108.73,111.49 2 1
github.com/Yamashou/gqlgenc/v3/config/file.go:111.49,119.17 5 1
github.com/Yamashou/gqlgenc/v3/config/file.go:119.17,121.4 1 0
github.com/Yamashou/gqlgenc/v3/config/file.go:123.3,123.89 1 1
github.com/Yamashou/gqlgenc/v3/config/file.go:126.2,126.21 1 1
github.com/Yamashou/gqlgenc/v3/config/header_transport.go:15.113,16.56 1 0
github.com/Yamashou/gqlgenc/v3/config/header_transport.go:16.56,21.3 1 0
github.com/Yamashou/gqlgenc/v3/config/header_transport.go:24.80,32.16 6 0
github.com/Yamashou/gqlgenc/v3/config/header_transport.go:32.16,34.3 1 0
github.com/Yamashou/gqlgenc/v3/config/header_transport.go:36.2,36.18 1 0
github.com/Yamashou/gqlgenc/v3/config/header_transport.go:39.135,40.51 1 0
github.com/Yamashou/gqlgenc/v3/config/header_transport.go:40.51,42.3 1 0
github.com/Yamashou/gqlgenc/v3/config/header_transport.go:44.2,44.21 1 0
github.com/Yamashou/gqlgenc/v3/config/introspection.go:15.130,19.97 3 1
github.com/Yamashou/gqlgenc/v3/config/introspection.go:19.97,21.3 1 0
github.com/Yamashou/gqlgenc/v3/config/introspection.go:23.2,24.16 2 1
github.com/Yamashou/gqlgenc/v3/config/introspection.go:24.16,26.3 1 1
github.com/Yamashou/gqlgenc/v3/config/introspection.go:28.2,28.25 1 1
github.com/Yamashou/gqlgenc/v3/config/introspection.go:28.25,34.3 2 0
github.com/Yamashou/gqlgenc/v3/config/introspection.go:36.2,36.20 1 1
